0 info it worked if it ends with ok
1 verbose cli [ 'node', '/usr/local/bin/npm', 'install' ]
2 info using npm@1.1.62
3 info using node@v0.8.11
4 verbose read json /Users/alokpepakayala/Desktop/ganesh-hostel-app/ganesh-hostels/package.json
5 verbose readDependencies using package.json deps
6 verbose install where, deps [ '/Users/alokpepakayala/Desktop/ganesh-hostel-app/ganesh-hostels',
6 verbose install   [ 'express', 'mongoose' ] ]
7 verbose from cache /Users/alokpepakayala/Desktop/ganesh-hostel-app/ganesh-hostels/package.json
8 info preinstall ganesh-hostel@0.0.1
9 verbose from cache /Users/alokpepakayala/Desktop/ganesh-hostel-app/ganesh-hostels/package.json
10 verbose readDependencies using package.json deps
11 verbose cache add [ 'express@3.1.x', null ]
12 silly cache add name=undefined spec="express@3.1.x" args=["express@3.1.x",null]
13 verbose parsed url { pathname: 'express@3.1.x',
13 verbose parsed url   path: 'express@3.1.x',
13 verbose parsed url   href: 'express@3.1.x' }
14 silly cache add name="express" spec="3.1.x" args=["express","3.1.x"]
15 verbose parsed url { pathname: '3.1.x', path: '3.1.x', href: '3.1.x' }
16 verbose addNamed [ 'express', '3.1.x' ]
17 verbose addNamed [ null, '>=3.1.0- <3.2.0-' ]
18 verbose cache add [ 'mongoose@3.6.15', null ]
19 silly cache add name=undefined spec="mongoose@3.6.15" args=["mongoose@3.6.15",null]
20 verbose parsed url { pathname: 'mongoose@3.6.15',
20 verbose parsed url   path: 'mongoose@3.6.15',
20 verbose parsed url   href: 'mongoose@3.6.15' }
21 silly cache add name="mongoose" spec="3.6.15" args=["mongoose","3.6.15"]
22 verbose parsed url { pathname: '3.6.15', path: '3.6.15', href: '3.6.15' }
23 verbose addNamed [ 'mongoose', '3.6.15' ]
24 verbose addNamed [ '3.6.15', '3.6.15' ]
25 silly lockFile b38ae555-express-3-1-x express@3.1.x
26 verbose lock express@3.1.x /Users/alokpepakayala/.npm/b38ae555-express-3-1-x.lock
27 silly lockFile 68a99777-mongoose-3-6-15 mongoose@3.6.15
28 verbose lock mongoose@3.6.15 /Users/alokpepakayala/.npm/68a99777-mongoose-3-6-15.lock
29 silly lockFile b38ae555-express-3-1-x express@3.1.x
30 silly lockFile 68a99777-mongoose-3-6-15 mongoose@3.6.15
31 error Error: EACCES, open '/Users/alokpepakayala/.npm/b38ae555-express-3-1-x.lock'
31 error  { [Error: EACCES, open '/Users/alokpepakayala/.npm/b38ae555-express-3-1-x.lock']
31 error   errno: 3,
31 error   code: 'EACCES',
31 error   path: '/Users/alokpepakayala/.npm/b38ae555-express-3-1-x.lock' }
32 error Please try running this command again as root/Administrator.
33 error System Darwin 11.4.0
34 error command "node" "/usr/local/bin/npm" "install"
35 error cwd /Users/alokpepakayala/Desktop/ganesh-hostel-app/ganesh-hostels
36 error node -v v0.8.11
37 error npm -v 1.1.62
38 error path /Users/alokpepakayala/.npm/b38ae555-express-3-1-x.lock
39 error code EACCES
40 error errno 3
41 error stack Error: EACCES, open '/Users/alokpepakayala/.npm/b38ae555-express-3-1-x.lock'
42 verbose exit [ 3, true ]
